<?xml version="1.0" encoding="UTF-8"?>
<!-- Generated by org.testng.reporters.JUnitReportReporter -->
<testsuite skipped="0" hostname="itadmin" name="sd.interview" tests="1" failures="0" timestamp="13 Sep 2020 13:16:09 GMT" time="17.095" errors="0">
  <testcase name="Demo" time="17.095" classname="sd.interview"/>
</testsuite> <!-- sd.interview -->
